[19_3_2021_11:16:34] {SEVERE} CONNECTIONDB - com.mysql.cj.jdbc.exceptions.CommunicationsException: Communications link failure

The last packet sent successfully to the server was 0 milliseconds ago. The driver has not received any packets from the server.
	at com.mysql.cj.jdbc.exceptions.SQLError.createCommunicationsException(SQLError.java:590)
	at com.mysql.cj.jdbc.exceptions.SQLExceptionsMapping.translateException(SQLExceptionsMapping.java:57)
	at com.mysql.cj.jdbc.ConnectionImpl.createNewIO(ConnectionImpl.java:1606)
	at com.mysql.cj.jdbc.ConnectionImpl.<init>(ConnectionImpl.java:633)
	at com.mysql.cj.jdbc.ConnectionImpl.getInstance(ConnectionImpl.java:347)
	at com.mysql.cj.jdbc.NonRegisteringDriver.connect(NonRegisteringDriver.java:219)
	at java.sql/java.sql.DriverManager.getConnection(DriverManager.java:677)
	at java.sql/java.sql.DriverManager.getConnection(DriverManager.java:228)
	at com.cursosrecomendados.telegram.database.ConnectionDB.openConexion(ConnectionDB.java:26)
	at com.cursosrecomendados.telegram.database.ConnectionDB.<init>(ConnectionDB.java:19)
	at com.cursosrecomendados.telegram.database.DatabaseManager.<init>(DatabaseManager.java:23)
	at com.cursosrecomendados.telegram.database.DatabaseManager.getInstance(DatabaseManager.java:37)
	at com.cursosrecomendados.telegram.handlers.CoinHandlers.handleIncomingMessage(CoinHandlers.java:66)
	at com.cursosrecomendados.telegram.handlers.CoinHandlers.onUpdateReceived(CoinHandlers.java:47)
	at java.base/java.util.ArrayList.forEach(ArrayList.java:1511)
	at org.telegram.telegrambots.meta.generics.LongPollingBot.onUpdatesReceived(LongPollingBot.java:27)
	at org.telegram.telegrambots.updatesreceivers.DefaultBotSession$HandlerThread.run(DefaultBotSession.java:305)
[19_3_2021_11:16:34] {SEVERE} CRYPTOHANDLERS - java.lang.NullPointerException: Cannot invoke "java.sql.Connection.getMetaData()" because "this.currentConection" is null
	at com.cursosrecomendados.telegram.database.ConnectionDB.checkVersion(ConnectionDB.java:65)
	at com.cursosrecomendados.telegram.database.DatabaseManager.<init>(DatabaseManager.java:24)
	at com.cursosrecomendados.telegram.database.DatabaseManager.getInstance(DatabaseManager.java:37)
	at com.cursosrecomendados.telegram.handlers.CoinHandlers.handleIncomingMessage(CoinHandlers.java:66)
	at com.cursosrecomendados.telegram.handlers.CoinHandlers.onUpdateReceived(CoinHandlers.java:47)
	at java.base/java.util.ArrayList.forEach(ArrayList.java:1511)
	at org.telegram.telegrambots.meta.generics.LongPollingBot.onUpdatesReceived(LongPollingBot.java:27)
	at org.telegram.telegrambots.updatesreceivers.DefaultBotSession$HandlerThread.run(DefaultBotSession.java:305)
[19_3_2021_11:17:29] {SEVERE} CONNECTIONDB - com.mysql.cj.jdbc.exceptions.CommunicationsException: Communications link failure

The last packet sent successfully to the server was 0 milliseconds ago. The driver has not received any packets from the server.
	at com.mysql.cj.jdbc.exceptions.SQLError.createCommunicationsException(SQLError.java:590)
	at com.mysql.cj.jdbc.exceptions.SQLExceptionsMapping.translateException(SQLExceptionsMapping.java:57)
	at com.mysql.cj.jdbc.ConnectionImpl.createNewIO(ConnectionImpl.java:1606)
	at com.mysql.cj.jdbc.ConnectionImpl.<init>(ConnectionImpl.java:633)
	at com.mysql.cj.jdbc.ConnectionImpl.getInstance(ConnectionImpl.java:347)
	at com.mysql.cj.jdbc.NonRegisteringDriver.connect(NonRegisteringDriver.java:219)
	at java.sql/java.sql.DriverManager.getConnection(DriverManager.java:677)
	at java.sql/java.sql.DriverManager.getConnection(DriverManager.java:228)
	at com.cursosrecomendados.telegram.database.ConnectionDB.openConexion(ConnectionDB.java:26)
	at com.cursosrecomendados.telegram.database.ConnectionDB.<init>(ConnectionDB.java:19)
	at com.cursosrecomendados.telegram.database.DatabaseManager.<init>(DatabaseManager.java:23)
	at com.cursosrecomendados.telegram.database.DatabaseManager.getInstance(DatabaseManager.java:37)
	at com.cursosrecomendados.telegram.handlers.CoinHandlers.handleIncomingMessage(CoinHandlers.java:66)
	at com.cursosrecomendados.telegram.handlers.CoinHandlers.onUpdateReceived(CoinHandlers.java:47)
	at java.base/java.util.ArrayList.forEach(ArrayList.java:1511)
	at org.telegram.telegrambots.meta.generics.LongPollingBot.onUpdatesReceived(LongPollingBot.java:27)
	at org.telegram.telegrambots.updatesreceivers.DefaultBotSession$HandlerThread.run(DefaultBotSession.java:305)
[19_3_2021_11:17:29] {SEVERE} CRYPTOHANDLERS - java.lang.NullPointerException: Cannot invoke "java.sql.Connection.getMetaData()" because "this.currentConection" is null
	at com.cursosrecomendados.telegram.database.ConnectionDB.checkVersion(ConnectionDB.java:65)
	at com.cursosrecomendados.telegram.database.DatabaseManager.<init>(DatabaseManager.java:24)
	at com.cursosrecomendados.telegram.database.DatabaseManager.getInstance(DatabaseManager.java:37)
	at com.cursosrecomendados.telegram.handlers.CoinHandlers.handleIncomingMessage(CoinHandlers.java:66)
	at com.cursosrecomendados.telegram.handlers.CoinHandlers.onUpdateReceived(CoinHandlers.java:47)
	at java.base/java.util.ArrayList.forEach(ArrayList.java:1511)
	at org.telegram.telegrambots.meta.generics.LongPollingBot.onUpdatesReceived(LongPollingBot.java:27)
	at org.telegram.telegrambots.updatesreceivers.DefaultBotSession$HandlerThread.run(DefaultBotSession.java:305)
[19_3_2021_11:18:30] {SEVERE} CONNECTIONDB - com.mysql.cj.jdbc.exceptions.CommunicationsException: Communications link failure

The last packet sent successfully to the server was 0 milliseconds ago. The driver has not received any packets from the server.
	at com.mysql.cj.jdbc.exceptions.SQLError.createCommunicationsException(SQLError.java:590)
	at com.mysql.cj.jdbc.exceptions.SQLExceptionsMapping.translateException(SQLExceptionsMapping.java:57)
	at com.mysql.cj.jdbc.ConnectionImpl.createNewIO(ConnectionImpl.java:1606)
	at com.mysql.cj.jdbc.ConnectionImpl.<init>(ConnectionImpl.java:633)
	at com.mysql.cj.jdbc.ConnectionImpl.getInstance(ConnectionImpl.java:347)
	at com.mysql.cj.jdbc.NonRegisteringDriver.connect(NonRegisteringDriver.java:219)
	at java.sql/java.sql.DriverManager.getConnection(DriverManager.java:677)
	at java.sql/java.sql.DriverManager.getConnection(DriverManager.java:228)
	at com.cursosrecomendados.telegram.database.ConnectionDB.openConexion(ConnectionDB.java:26)
	at com.cursosrecomendados.telegram.database.ConnectionDB.<init>(ConnectionDB.java:19)
	at com.cursosrecomendados.telegram.database.DatabaseManager.<init>(DatabaseManager.java:23)
	at com.cursosrecomendados.telegram.database.DatabaseManager.getInstance(DatabaseManager.java:37)
	at com.cursosrecomendados.telegram.handlers.CoinHandlers.handleIncomingMessage(CoinHandlers.java:66)
	at com.cursosrecomendados.telegram.handlers.CoinHandlers.onUpdateReceived(CoinHandlers.java:47)
	at java.base/java.util.ArrayList.forEach(ArrayList.java:1511)
	at org.telegram.telegrambots.meta.generics.LongPollingBot.onUpdatesReceived(LongPollingBot.java:27)
	at org.telegram.telegrambots.updatesreceivers.DefaultBotSession$HandlerThread.run(DefaultBotSession.java:305)
[19_3_2021_11:18:30] {SEVERE} CRYPTOHANDLERS - java.lang.NullPointerException: Cannot invoke "java.sql.Connection.getMetaData()" because "this.currentConection" is null
	at com.cursosrecomendados.telegram.database.ConnectionDB.checkVersion(ConnectionDB.java:65)
	at com.cursosrecomendados.telegram.database.DatabaseManager.<init>(DatabaseManager.java:24)
	at com.cursosrecomendados.telegram.database.DatabaseManager.getInstance(DatabaseManager.java:37)
	at com.cursosrecomendados.telegram.handlers.CoinHandlers.handleIncomingMessage(CoinHandlers.java:66)
	at com.cursosrecomendados.telegram.handlers.CoinHandlers.onUpdateReceived(CoinHandlers.java:47)
	at java.base/java.util.ArrayList.forEach(ArrayList.java:1511)
	at org.telegram.telegrambots.meta.generics.LongPollingBot.onUpdatesReceived(LongPollingBot.java:27)
	at org.telegram.telegrambots.updatesreceivers.DefaultBotSession$HandlerThread.run(DefaultBotSession.java:305)
[19_3_2021_12:31:15] {FINE} BOTSESSION - java.net.SocketTimeoutException: Read timed out
	at java.base/sun.nio.ch.NioSocketImpl.timedRead(NioSocketImpl.java:283)
	at java.base/sun.nio.ch.NioSocketImpl.implRead(NioSocketImpl.java:309)
	at java.base/sun.nio.ch.NioSocketImpl.read(NioSocketImpl.java:350)
	at java.base/sun.nio.ch.NioSocketImpl$1.read(NioSocketImpl.java:803)
	at java.base/java.net.Socket$SocketInputStream.read(Socket.java:982)
	at java.base/sun.security.ssl.SSLSocketInputRecord.read(SSLSocketInputRecord.java:469)
	at java.base/sun.security.ssl.SSLSocketInputRecord.readHeader(SSLSocketInputRecord.java:463)
	at java.base/sun.security.ssl.SSLSocketInputRecord.bytesInCompletePacket(SSLSocketInputRecord.java:70)
	at java.base/sun.security.ssl.SSLSocketImpl.readApplicationRecord(SSLSocketImpl.java:1421)
	at java.base/sun.security.ssl.SSLSocketImpl$AppInputStream.read(SSLSocketImpl.java:1033)
	at org.apache.http.impl.conn.LoggingInputStream.read(LoggingInputStream.java:84)
	at org.apache.http.impl.io.SessionInputBufferImpl.streamRead(SessionInputBufferImpl.java:137)
	at org.apache.http.impl.io.SessionInputBufferImpl.fillBuffer(SessionInputBufferImpl.java:153)
	at org.apache.http.impl.io.SessionInputBufferImpl.readLine(SessionInputBufferImpl.java:280)
	at org.apache.http.impl.conn.DefaultHttpResponseParser.parseHead(DefaultHttpResponseParser.java:138)
	at org.apache.http.impl.conn.DefaultHttpResponseParser.parseHead(DefaultHttpResponseParser.java:56)
	at org.apache.http.impl.io.AbstractMessageParser.parse(AbstractMessageParser.java:259)
	at org.apache.http.impl.DefaultBHttpClientConnection.receiveResponseHeader(DefaultBHttpClientConnection.java:163)
	at org.apache.http.impl.conn.CPoolProxy.receiveResponseHeader(CPoolProxy.java:165)
	at org.apache.http.protocol.HttpRequestExecutor.doReceiveResponse(HttpRequestExecutor.java:273)
	at org.apache.http.protocol.HttpRequestExecutor.execute(HttpRequestExecutor.java:125)
	at org.apache.http.impl.execchain.MainClientExec.execute(MainClientExec.java:272)
	at org.apache.http.impl.execchain.ProtocolExec.execute(ProtocolExec.java:185)
	at org.apache.http.impl.execchain.RetryExec.execute(RetryExec.java:89)
	at org.apache.http.impl.execchain.RedirectExec.execute(RedirectExec.java:111)
	at org.apache.http.impl.client.InternalHttpClient.doExecute(InternalHttpClient.java:185)
	at org.apache.http.impl.client.CloseableHttpClient.execute(CloseableHttpClient.java:83)
	at org.telegram.telegrambots.updatesreceivers.DefaultBotSession$ReaderThread.getUpdatesFromServer(DefaultBotSession.java:244)
	at org.telegram.telegrambots.updatesreceivers.DefaultBotSession$ReaderThread.run(DefaultBotSession.java:185)
[19_3_2021_12:31:16] {SEVERE} CONNECTIONDB - com.mysql.cj.jdbc.exceptions.CommunicationsException: Communications link failure

The last packet sent successfully to the server was 0 milliseconds ago. The driver has not received any packets from the server.
	at com.mysql.cj.jdbc.exceptions.SQLError.createCommunicationsException(SQLError.java:590)
	at com.mysql.cj.jdbc.exceptions.SQLExceptionsMapping.translateException(SQLExceptionsMapping.java:57)
	at com.mysql.cj.jdbc.ConnectionImpl.createNewIO(ConnectionImpl.java:1606)
	at com.mysql.cj.jdbc.ConnectionImpl.<init>(ConnectionImpl.java:633)
	at com.mysql.cj.jdbc.ConnectionImpl.getInstance(ConnectionImpl.java:347)
	at com.mysql.cj.jdbc.NonRegisteringDriver.connect(NonRegisteringDriver.java:219)
	at java.sql/java.sql.DriverManager.getConnection(DriverManager.java:677)
	at java.sql/java.sql.DriverManager.getConnection(DriverManager.java:228)
	at com.cursosrecomendados.telegram.database.ConnectionDB.openConexion(ConnectionDB.java:26)
	at com.cursosrecomendados.telegram.database.ConnectionDB.<init>(ConnectionDB.java:19)
	at com.cursosrecomendados.telegram.database.DatabaseManager.<init>(DatabaseManager.java:23)
	at com.cursosrecomendados.telegram.database.DatabaseManager.getInstance(DatabaseManager.java:37)
	at com.cursosrecomendados.telegram.handlers.CoinHandlers.handleIncomingMessage(CoinHandlers.java:66)
	at com.cursosrecomendados.telegram.handlers.CoinHandlers.onUpdateReceived(CoinHandlers.java:47)
	at java.base/java.util.ArrayList.forEach(ArrayList.java:1511)
	at org.telegram.telegrambots.meta.generics.LongPollingBot.onUpdatesReceived(LongPollingBot.java:27)
	at org.telegram.telegrambots.updatesreceivers.DefaultBotSession$HandlerThread.run(DefaultBotSession.java:305)
[19_3_2021_12:31:16] {SEVERE} CRYPTOHANDLERS - java.lang.NullPointerException: Cannot invoke "java.sql.Connection.getMetaData()" because "this.currentConection" is null
	at com.cursosrecomendados.telegram.database.ConnectionDB.checkVersion(ConnectionDB.java:65)
	at com.cursosrecomendados.telegram.database.DatabaseManager.<init>(DatabaseManager.java:24)
	at com.cursosrecomendados.telegram.database.DatabaseManager.getInstance(DatabaseManager.java:37)
	at com.cursosrecomendados.telegram.handlers.CoinHandlers.handleIncomingMessage(CoinHandlers.java:66)
	at com.cursosrecomendados.telegram.handlers.CoinHandlers.onUpdateReceived(CoinHandlers.java:47)
	at java.base/java.util.ArrayList.forEach(ArrayList.java:1511)
	at org.telegram.telegrambots.meta.generics.LongPollingBot.onUpdatesReceived(LongPollingBot.java:27)
	at org.telegram.telegrambots.updatesreceivers.DefaultBotSession$HandlerThread.run(DefaultBotSession.java:305)
[19_3_2021_12:33:31] {SEVERE} CONNECTIONDB - com.mysql.cj.jdbc.exceptions.CommunicationsException: Communications link failure

The last packet sent successfully to the server was 0 milliseconds ago. The driver has not received any packets from the server.
	at com.mysql.cj.jdbc.exceptions.SQLError.createCommunicationsException(SQLError.java:590)
	at com.mysql.cj.jdbc.exceptions.SQLExceptionsMapping.translateException(SQLExceptionsMapping.java:57)
	at com.mysql.cj.jdbc.ConnectionImpl.createNewIO(ConnectionImpl.java:1606)
	at com.mysql.cj.jdbc.ConnectionImpl.<init>(ConnectionImpl.java:633)
	at com.mysql.cj.jdbc.ConnectionImpl.getInstance(ConnectionImpl.java:347)
	at com.mysql.cj.jdbc.NonRegisteringDriver.connect(NonRegisteringDriver.java:219)
	at java.sql/java.sql.DriverManager.getConnection(DriverManager.java:677)
	at java.sql/java.sql.DriverManager.getConnection(DriverManager.java:228)
	at com.cursosrecomendados.telegram.database.ConnectionDB.openConexion(ConnectionDB.java:26)
	at com.cursosrecomendados.telegram.database.ConnectionDB.<init>(ConnectionDB.java:19)
	at com.cursosrecomendados.telegram.database.DatabaseManager.<init>(DatabaseManager.java:23)
	at com.cursosrecomendados.telegram.database.DatabaseManager.getInstance(DatabaseManager.java:37)
	at com.cursosrecomendados.telegram.handlers.CoinHandlers.handleIncomingMessage(CoinHandlers.java:66)
	at com.cursosrecomendados.telegram.handlers.CoinHandlers.onUpdateReceived(CoinHandlers.java:47)
	at java.base/java.util.ArrayList.forEach(ArrayList.java:1511)
	at org.telegram.telegrambots.meta.generics.LongPollingBot.onUpdatesReceived(LongPollingBot.java:27)
	at org.telegram.telegrambots.updatesreceivers.DefaultBotSession$HandlerThread.run(DefaultBotSession.java:305)
[19_3_2021_12:33:37] {SEVERE} CRYPTOHANDLERS - java.lang.NullPointerException: Cannot invoke "java.sql.Connection.getMetaData()" because "this.currentConection" is null
	at com.cursosrecomendados.telegram.database.ConnectionDB.checkVersion(ConnectionDB.java:65)
	at com.cursosrecomendados.telegram.database.DatabaseManager.<init>(DatabaseManager.java:24)
	at com.cursosrecomendados.telegram.database.DatabaseManager.getInstance(DatabaseManager.java:37)
	at com.cursosrecomendados.telegram.handlers.CoinHandlers.handleIncomingMessage(CoinHandlers.java:66)
	at com.cursosrecomendados.telegram.handlers.CoinHandlers.onUpdateReceived(CoinHandlers.java:47)
	at java.base/java.util.ArrayList.forEach(ArrayList.java:1511)
	at org.telegram.telegrambots.meta.generics.LongPollingBot.onUpdatesReceived(LongPollingBot.java:27)
	at org.telegram.telegrambots.updatesreceivers.DefaultBotSession$HandlerThread.run(DefaultBotSession.java:305)
